This is pdfTeX, Version 3.141592653-2.6-1.40.27 (TeX Live 2025/Homebrew) (preloaded format=pdflatex 2025.10.11)  30 OCT 2025 15:05
entering extended mode
 restricted \write18 enabled.
 %&-line parsing enabled.
**DIPFall2025_Marino_David_Assignment4.tex
(./DIPFall2025_Marino_David_Assignment4.tex
LaTeX2e <2024-11-01> patch level 2
L3 programming layer <2025-01-18>

(/opt/homebrew/Cellar/texlive/20250308_1/share/texmf-dist/tex/latex/base/articl
e.cls
Document Class: article 2024/06/29 v1.4n Standard LaTeX document class

(/opt/homebrew/Cellar/texlive/20250308_1/share/texmf-dist/tex/latex/base/size10
.clo
File: size10.clo 2024/06/29 v1.4n Standard LaTeX file (size option)
)
\c@part=\count196
\c@section=\count197
\c@subsection=\count198
\c@subsubsection=\count199
\c@paragraph=\count266
\c@subparagraph=\count267
\c@figure=\count268
\c@table=\count269
\abovecaptionskip=\skip49
\belowcaptionskip=\skip50
\bibindent=\dimen141
)
(/opt/homebrew/Cellar/texlive/20250308_1/share/texmf-dist/tex/latex/graphics/gr
aphicx.sty
Package: graphicx 2021/09/16 v1.2d Enhanced LaTeX Graphics (DPC,SPQR)

(/opt/homebrew/Cellar/texlive/20250308_1/share/texmf-dist/tex/latex/graphics/ke
yval.sty
Package: keyval 2022/05/29 v1.15 key=value parser (DPC)
\KV@toks@=\toks17
)
(/opt/homebrew/Cellar/texlive/20250308_1/share/texmf-dist/tex/latex/graphics/gr
aphics.sty
Package: graphics 2024/08/06 v1.4g Standard LaTeX Graphics (DPC,SPQR)

(/opt/homebrew/Cellar/texlive/20250308_1/share/texmf-dist/tex/latex/graphics/tr
ig.sty
Package: trig 2023/12/02 v1.11 sin cos tan (DPC)
)
(/opt/homebrew/Cellar/texlive/20250308_1/share/texmf-dist/tex/latex/graphics-cf
g/graphics.cfg
File: graphics.cfg 2016/06/04 v1.11 sample graphics configuration
)
Package graphics Info: Driver file: pdftex.def on input line 106.

(/opt/homebrew/Cellar/texlive/20250308_1/share/texmf-dist/tex/latex/graphics-de
f/pdftex.def
File: pdftex.def 2024/04/13 v1.2c Graphics/color driver for pdftex
))
\Gin@req@height=\dimen142
\Gin@req@width=\dimen143
)
(/opt/homebrew/Cellar/texlive/20250308_1/share/texmf-dist/tex/latex/caption/sub
caption.sty
Package: subcaption 2023/07/28 v1.6b Sub-captions (AR)

(/opt/homebrew/Cellar/texlive/20250308_1/share/texmf-dist/tex/latex/caption/cap
tion.sty
Package: caption 2023/08/05 v3.6o Customizing captions (AR)

(/opt/homebrew/Cellar/texlive/20250308_1/share/texmf-dist/tex/latex/caption/cap
tion3.sty
Package: caption3 2023/07/31 v2.4d caption3 kernel (AR)
\caption@tempdima=\dimen144
\captionmargin=\dimen145
\caption@leftmargin=\dimen146
\caption@rightmargin=\dimen147
\caption@width=\dimen148
\caption@indent=\dimen149
\caption@parindent=\dimen150
\caption@hangindent=\dimen151
Package caption Info: Standard document class detected.
)
\c@caption@flags=\count270
\c@continuedfloat=\count271
)
Package caption Info: New subtype `subfigure' on input line 238.
\c@subfigure=\count272
Package caption Info: New subtype `subtable' on input line 238.
\c@subtable=\count273
)
(/opt/homebrew/Cellar/texlive/20250308_1/share/texmf-dist/tex/latex/float/float
.sty
Package: float 2001/11/08 v1.3d Float enhancements (AL)
\c@float@type=\count274
\float@exts=\toks18
\float@box=\box52
\@float@everytoks=\toks19
\@floatcapt=\box53
)
(/opt/homebrew/Cellar/texlive/20250308_1/share/texmf-dist/tex/latex/geometry/ge
ometry.sty
Package: geometry 2020/01/02 v5.9 Page Geometry

(/opt/homebrew/Cellar/texlive/20250308_1/share/texmf-dist/tex/generic/iftex/ifv
tex.sty
Package: ifvtex 2019/10/25 v1.7 ifvtex legacy package. Use iftex instead.

(/opt/homebrew/Cellar/texlive/20250308_1/share/texmf-dist/tex/generic/iftex/ift
ex.sty
Package: iftex 2024/12/12 v1.0g TeX engine tests
))
\Gm@cnth=\count275
\Gm@cntv=\count276
\c@Gm@tempcnt=\count277
\Gm@bindingoffset=\dimen152
\Gm@wd@mp=\dimen153
\Gm@odd@mp=\dimen154
\Gm@even@mp=\dimen155
\Gm@layoutwidth=\dimen156
\Gm@layoutheight=\dimen157
\Gm@layouthoffset=\dimen158
\Gm@layoutvoffset=\dimen159
\Gm@dimlist=\toks20
)
(/opt/homebrew/Cellar/texlive/20250308_1/share/texmf-dist/tex/latex/l3backend/l
3backend-pdftex.def
File: l3backend-pdftex.def 2024-05-08 L3 backend support: PDF output (pdfTeX)
\l__color_backend_stack_int=\count278
\l__pdf_internal_box=\box54
) (./DIPFall2025_Marino_David_Assignment4.aux)
\openout1 = `DIPFall2025_Marino_David_Assignment4.aux'.

LaTeX Font Info:    Checking defaults for OML/cmm/m/it on input line 8.
LaTeX Font Info:    ... okay on input line 8.
LaTeX Font Info:    Checking defaults for OMS/cmsy/m/n on input line 8.
LaTeX Font Info:    ... okay on input line 8.
LaTeX Font Info:    Checking defaults for OT1/cmr/m/n on input line 8.
LaTeX Font Info:    ... okay on input line 8.
LaTeX Font Info:    Checking defaults for T1/cmr/m/n on input line 8.
LaTeX Font Info:    ... okay on input line 8.
LaTeX Font Info:    Checking defaults for TS1/cmr/m/n on input line 8.
LaTeX Font Info:    ... okay on input line 8.
LaTeX Font Info:    Checking defaults for OMX/cmex/m/n on input line 8.
LaTeX Font Info:    ... okay on input line 8.
LaTeX Font Info:    Checking defaults for U/cmr/m/n on input line 8.
LaTeX Font Info:    ... okay on input line 8.

(/opt/homebrew/Cellar/texlive/20250308_1/share/texmf-dist/tex/context/base/mkii
/supp-pdf.mkii
[Loading MPS to PDF converter (version 2006.09.02).]
\scratchcounter=\count279
\scratchdimen=\dimen160
\scratchbox=\box55
\nofMPsegments=\count280
\nofMParguments=\count281
\everyMPshowfont=\toks21
\MPscratchCnt=\count282
\MPscratchDim=\dimen161
\MPnumerator=\count283
\makeMPintoPDFobject=\count284
\everyMPtoPDFconversion=\toks22
)
(/opt/homebrew/Cellar/texlive/20250308_1/share/texmf-dist/tex/latex/epstopdf-pk
g/epstopdf-base.sty
Package: epstopdf-base 2020-01-24 v2.11 Base part for package epstopdf
Package epstopdf-base Info: Redefining graphics rule for `.eps' on input line 4
85.

(/opt/homebrew/Cellar/texlive/20250308_1/share/texmf-dist/tex/latex/latexconfig
/epstopdf-sys.cfg
File: epstopdf-sys.cfg 2010/07/13 v1.3 Configuration of (r)epstopdf for TeX Liv
e
))
Package caption Info: Begin \AtBeginDocument code.
Package caption Info: float package is loaded.
Package caption Info: End \AtBeginDocument code.

*geometry* driver: auto-detecting
*geometry* detected driver: pdftex
*geometry* verbose mode - [ preamble ] result:
* driver: pdftex
* paper: <default>
* layout: <same size as paper>
* layoutoffset:(h,v)=(0.0pt,0.0pt)
* modes: 
* h-part:(L,W,R)=(72.26999pt, 469.75502pt, 72.26999pt)
* v-part:(T,H,B)=(72.26999pt, 650.43001pt, 72.26999pt)
* \paperwidth=614.295pt
* \paperheight=794.96999pt
* \textwidth=469.75502pt
* \textheight=650.43001pt
* \oddsidemargin=0.0pt
* \evensidemargin=0.0pt
* \topmargin=-37.0pt
* \headheight=12.0pt
* \headsep=25.0pt
* \topskip=10.0pt
* \footskip=30.0pt
* \marginparwidth=65.0pt
* \marginparsep=11.0pt
* \columnsep=10.0pt
* \skip\footins=9.0pt plus 4.0pt minus 2.0pt
* \hoffset=0.0pt
* \voffset=0.0pt
* \mag=1000
* \@twocolumnfalse
* \@twosidefalse
* \@mparswitchfalse
* \@reversemarginfalse
* (1in=72.27pt=25.4mm, 1cm=28.453pt)

LaTeX Font Info:    External font `cmex10' loaded for size
(Font)              <12> on input line 9.
LaTeX Font Info:    External font `cmex10' loaded for size
(Font)              <8> on input line 9.
LaTeX Font Info:    External font `cmex10' loaded for size
(Font)              <6> on input line 9.


[1

{/opt/homebrew/Cellar/texlive/20250308_1/share/texmf-dist/fonts/map/pdftex/updm
ap/pdftex.map}]
<../images/CancerCells-1.jpg, id=9, 1505.625pt x 1003.75pt>
File: ../images/CancerCells-1.jpg Graphic file (type jpg)
<use ../images/CancerCells-1.jpg>
Package pdftex.def Info: ../images/CancerCells-1.jpg  used on input line 17.
(pdftex.def)             Requested size: 164.41711pt x 109.60109pt.
<../images/kidneytumorglomus.jpg, id=10, 1927.2pt x 1084.05pt>
File: ../images/kidneytumorglomus.jpg Graphic file (type jpg)
<use ../images/kidneytumorglomus.jpg>
Package pdftex.def Info: ../images/kidneytumorglomus.jpg  used on input line 21
.
(pdftex.def)             Requested size: 164.41711pt x 92.48212pt.
<../images/cancer_gaussian.png, id=11, 1505.625pt x 1003.75pt>
File: ../images/cancer_gaussian.png Graphic file (type png)
<use ../images/cancer_gaussian.png>
Package pdftex.def Info: ../images/cancer_gaussian.png  used on input line 29.
(pdftex.def)             Requested size: 164.41711pt x 109.60109pt.
<../images/kidney_gaussian.png, id=12, 1927.2pt x 1084.05pt>
File: ../images/kidney_gaussian.png Graphic file (type png)
<use ../images/kidney_gaussian.png>
Package pdftex.def Info: ../images/kidney_gaussian.png  used on input line 33.
(pdftex.def)             Requested size: 164.41711pt x 92.48212pt.
<../images/cancer_median.png, id=13, 1505.625pt x 1003.75pt>
File: ../images/cancer_median.png Graphic file (type png)
<use ../images/cancer_median.png>
Package pdftex.def Info: ../images/cancer_median.png  used on input line 41.
(pdftex.def)             Requested size: 164.41711pt x 109.60109pt.
<../images/kidney_median.png, id=14, 1927.2pt x 1084.05pt>
File: ../images/kidney_median.png Graphic file (type png)
<use ../images/kidney_median.png>
Package pdftex.def Info: ../images/kidney_median.png  used on input line 45.
(pdftex.def)             Requested size: 164.41711pt x 92.48212pt.


[2 <../images/CancerCells-1.jpg> <../images/kidneytumorglomus.jpg> <../images/c
ancer_gaussian.png (PNG copy)> <../images/kidney_gaussian.png (PNG copy)> <../i
mages/cancer_median.png (PNG copy)> <../images/kidney_median.png (PNG copy)>]
<../images/cancer_zoom.png, id=21, 722.7pt x 433.62pt>
File: ../images/cancer_zoom.png Graphic file (type png)
<use ../images/cancer_zoom.png>
Package pdftex.def Info: ../images/cancer_zoom.png  used on input line 58.
(pdftex.def)             Requested size: 140.92793pt x 84.55225pt.
<../images/cancer_gaussian_zoom.png, id=23, 722.7pt x 433.62pt>
File: ../images/cancer_gaussian_zoom.png Graphic file (type png)
<use ../images/cancer_gaussian_zoom.png>
Package pdftex.def Info: ../images/cancer_gaussian_zoom.png  used on input line
 62.
(pdftex.def)             Requested size: 140.92793pt x 84.55225pt.
<../images/cancer_median_zoom.png, id=24, 722.7pt x 433.62pt>
File: ../images/cancer_median_zoom.png Graphic file (type png)
<use ../images/cancer_median_zoom.png>
Package pdftex.def Info: ../images/cancer_median_zoom.png  used on input line 6
6.
(pdftex.def)             Requested size: 140.92793pt x 84.55225pt.
<../images/kidney_zoom.png, id=25, 722.7pt x 433.62pt>
File: ../images/kidney_zoom.png Graphic file (type png)
<use ../images/kidney_zoom.png>
Package pdftex.def Info: ../images/kidney_zoom.png  used on input line 77.
(pdftex.def)             Requested size: 140.92793pt x 84.55225pt.
<../images/kidney_gaussian_zoom.png, id=26, 722.7pt x 433.62pt>
File: ../images/kidney_gaussian_zoom.png Graphic file (type png)
<use ../images/kidney_gaussian_zoom.png>
Package pdftex.def Info: ../images/kidney_gaussian_zoom.png  used on input line
 81.
(pdftex.def)             Requested size: 140.92793pt x 84.55225pt.
<../images/kidney_median_zoom.png, id=27, 722.7pt x 433.62pt>
File: ../images/kidney_median_zoom.png Graphic file (type png)
<use ../images/kidney_median_zoom.png>
Package pdftex.def Info: ../images/kidney_median_zoom.png  used on input line 8
5.
(pdftex.def)             Requested size: 140.92793pt x 84.55225pt.


[3 <../images/cancer_zoom.png> <../images/cancer_gaussian_zoom.png> <../images/
cancer_median_zoom.png> <../images/kidney_zoom.png> <../images/kidney_gaussian_
zoom.png> <../images/kidney_median_zoom.png>]
<../images/cancer_ggray.png, id=37, 722.7pt x 433.62pt>
File: ../images/cancer_ggray.png Graphic file (type png)
<use ../images/cancer_ggray.png>
Package pdftex.def Info: ../images/cancer_ggray.png  used on input line 96.
(pdftex.def)             Requested size: 469.75502pt x 281.85628pt.


[4 <../images/cancer_ggray.png>]
<../images/cancer_LoG.png, id=42, 722.7pt x 433.62pt>
File: ../images/cancer_LoG.png Graphic file (type png)
<use ../images/cancer_LoG.png>
Package pdftex.def Info: ../images/cancer_LoG.png  used on input line 104.
(pdftex.def)             Requested size: 469.75502pt x 281.85628pt.


[5 <../images/cancer_LoG.png>]
<../images/cancer_binary.png, id=47, 722.7pt x 433.62pt>
File: ../images/cancer_binary.png Graphic file (type png)
<use ../images/cancer_binary.png>
Package pdftex.def Info: ../images/cancer_binary.png  used on input line 114.
(pdftex.def)             Requested size: 469.75502pt x 281.85628pt.


[6 <../images/cancer_binary.png>]
<../images/kidney_inverse.png, id=52, 1927.2pt x 1084.05pt>
File: ../images/kidney_inverse.png Graphic file (type png)
<use ../images/kidney_inverse.png>
Package pdftex.def Info: ../images/kidney_inverse.png  used on input line 126.
(pdftex.def)             Requested size: 469.75502pt x 264.22992pt.


[7 <../images/kidney_inverse.png (PNG copy)>]
<../images/kidney_LoG.png, id=57, 722.7pt x 433.62pt>
File: ../images/kidney_LoG.png Graphic file (type png)
<use ../images/kidney_LoG.png>
Package pdftex.def Info: ../images/kidney_LoG.png  used on input line 136.
(pdftex.def)             Requested size: 469.75502pt x 281.85628pt.


[8 <../images/kidney_LoG.png>]
<../images/kidney_binary.png, id=62, 722.7pt x 433.62pt>
File: ../images/kidney_binary.png Graphic file (type png)
<use ../images/kidney_binary.png>
Package pdftex.def Info: ../images/kidney_binary.png  used on input line 147.
(pdftex.def)             Requested size: 469.75502pt x 281.85628pt.


[9 <../images/kidney_binary.png>]
File: ../images/cancer_ggray.png Graphic file (type png)
<use ../images/cancer_ggray.png>
Package pdftex.def Info: ../images/cancer_ggray.png  used on input line 159.
(pdftex.def)             Requested size: 469.75502pt x 281.85628pt.


[10]
<../images/cancer_kmeans.png, id=70, 1505.625pt x 1003.75pt>
File: ../images/cancer_kmeans.png Graphic file (type png)
<use ../images/cancer_kmeans.png>
Package pdftex.def Info: ../images/cancer_kmeans.png  used on input line 167.
(pdftex.def)             Requested size: 469.75502pt x 313.16568pt.


[11 <../images/cancer_kmeans.png (PNG copy)>]
<../images/cancer_kmeans_binary.png, id=74, 1505.625pt x 1003.75pt>
File: ../images/cancer_kmeans_binary.png Graphic file (type png)
<use ../images/cancer_kmeans_binary.png>
Package pdftex.def Info: ../images/cancer_kmeans_binary.png  used on input line
 177.
(pdftex.def)             Requested size: 469.75502pt x 313.16568pt.


[12 <../images/cancer_kmeans_binary.png (PNG copy)>]
<../images/kidney_rgray.png, id=78, 722.7pt x 433.62pt>
File: ../images/kidney_rgray.png Graphic file (type png)
<use ../images/kidney_rgray.png>
Package pdftex.def Info: ../images/kidney_rgray.png  used on input line 190.
(pdftex.def)             Requested size: 469.75502pt x 281.85628pt.


[13 <../images/kidney_rgray.png>]
<../images/kidney_kmeans.png, id=84, 1927.2pt x 1084.05pt>
File: ../images/kidney_kmeans.png Graphic file (type png)
<use ../images/kidney_kmeans.png>
Package pdftex.def Info: ../images/kidney_kmeans.png  used on input line 198.
(pdftex.def)             Requested size: 469.75502pt x 264.22992pt.


[14 <../images/kidney_kmeans.png (PNG copy)>]
<../images/kidney_kmeans_binary.png, id=88, 1927.2pt x 1084.05pt>
File: ../images/kidney_kmeans_binary.png Graphic file (type png)
<use ../images/kidney_kmeans_binary.png>
Package pdftex.def Info: ../images/kidney_kmeans_binary.png  used on input line
 208.
(pdftex.def)             Requested size: 469.75502pt x 264.22992pt.


[15 <../images/kidney_kmeans_binary.png (PNG copy)>]

[16{/opt/homebrew/Cellar/texlive/20250308_1/share/texmf-dist/fonts/enc/dvips/cm
-super/cm-super-ts1.enc}] (./DIPFall2025_Marino_David_Assignment4.aux)
 ***********
LaTeX2e <2024-11-01> patch level 2
L3 programming layer <2025-01-18>
 ***********
 ) 
Here is how much of TeX's memory you used:
 3565 strings out of 473190
 66303 string characters out of 5704334
 453542 words of memory out of 5000000
 26827 multiletter control sequences out of 15000+600000
 564072 words of font info for 53 fonts, out of 8000000 for 9000
 1141 hyphenation exceptions out of 8191
 67i,9n,77p,330b,481s stack positions out of 10000i,1000n,20000p,200000b,200000s
</opt/homebrew/Cellar/texlive/20250308_1/share/texmf-dist/fonts/type1/public/
amsfonts/cm/cmbx10.pfb></opt/homebrew/Cellar/texlive/20250308_1/share/texmf-dis
t/fonts/type1/public/amsfonts/cm/cmbx12.pfb></opt/homebrew/Cellar/texlive/20250
308_1/share/texmf-dist/fonts/type1/public/amsfonts/cm/cmr10.pfb></opt/homebrew/
Cellar/texlive/20250308_1/share/texmf-dist/fonts/type1/public/amsfonts/cm/cmr12
.pfb></opt/homebrew/Cellar/texlive/20250308_1/share/texmf-dist/fonts/type1/publ
ic/amsfonts/cm/cmr17.pfb></opt/homebrew/Cellar/texlive/20250308_1/share/texmf-d
ist/fonts/type1/public/amsfonts/cm/cmr9.pfb></opt/homebrew/Cellar/texlive/20250
308_1/share/texmf-dist/fonts/type1/public/amsfonts/cm/cmti10.pfb></opt/homebrew
/Cellar/texlive/20250308_1/share/texmf-dist/fonts/type1/public/cm-super/sfrm100
0.pfb>
Output written on DIPFall2025_Marino_David_Assignment4.pdf (16 pages, 20093788 
bytes).
PDF statistics:
 133 PDF objects out of 1000 (max. 8388607)
 63 compressed objects within 1 object stream
 0 named destinations out of 1000 (max. 500000)
 116 words of extra memory for PDF output out of 10000 (max. 10000000)

